<?xml version="1.0" encoding="UTF-8"?>
<!-- Generated by org.testng.reporters.JUnitReportReporter -->
<testsuite skipped="1" hostname="ACLA036P2850" name="ContactPageTest" tests="2" failures="0" timestamp="2021-03-02T23:07:49 IST" time="43.657" errors="0">
  <testcase name="createnewcontact" time="43.657" classname="ContactPageTest"/>
  <system-out/>
  <testcase name="validateContactLabel" classname="ContactPageTest">
    <skipped/>
  </testcase> <!-- validateContactLabel -->
  <system-out/>
</testsuite> <!-- ContactPageTest -->
