<?xml version="1.0" encoding="UTF-8"?>
<!-- Generated by org.testng.reporters.JUnitReportReporter -->
<testsuite skipped="1" hostname="ACLA036P2850" name="com.butler.qa.testcases.LoginPageTest" tests="3" failures="0" timestamp="2021-03-04T20:51:02 IST" time="68.114" errors="0">
  <testcase name="loginPageTitleTest" time="37.322" classname="com.butler.qa.testcases.LoginPageTest"/>
  <system-out/>
  <testcase name="loginTest" time="30.792" classname="com.butler.qa.testcases.LoginPageTest"/>
  <system-out/>
  <testcase name="validateCRMimageTest" classname="com.butler.qa.testcases.LoginPageTest">
    <skipped/>
  </testcase> <!-- validateCRMimageTest -->
  <system-out/>
</testsuite> <!-- com.butler.qa.testcases.LoginPageTest -->
