<?xml version="1.0" encoding="UTF-8"?>
<!-- Generated by org.testng.reporters.JUnitReportReporter -->
<testsuite skipped="2" hostname="ACLA036P2850" name="HomePageTest" tests="4" failures="0" timestamp="2021-03-02T20:04:22 IST" time="53.722" errors="0">
  <testcase name="OpenCalenderTest" time="24.485" classname="HomePageTest"/>
  <system-out/>
  <testcase name="OpenContactTest" time="29.237" classname="HomePageTest"/>
  <system-out/>
  <testcase name="HomePageLogoTest" classname="HomePageTest">
    <skipped/>
  </testcase> <!-- HomePageLogoTest -->
  <system-out/>
  <testcase name="ValidateUserTest" classname="HomePageTest">
    <skipped/>
  </testcase> <!-- ValidateUserTest -->
  <system-out/>
</testsuite> <!-- HomePageTest -->
