<?xml version="1.0" encoding="UTF-8"?>
<!-- Generated by org.testng.reporters.JUnitReportReporter -->
<testsuite skipped="1" hostname="ACLA036P2850" name="LoginPageTest" tests="3" failures="0" timestamp="2021-03-03T23:03:29 IST" time="50.990" errors="0">
  <testcase name="loginPageTitleTest" time="30.651" classname="LoginPageTest"/>
  <system-out/>
  <testcase name="loginTest" time="20.339" classname="LoginPageTest"/>
  <system-out/>
  <testcase name="validateCRMimageTest" classname="LoginPageTest">
    <skipped/>
  </testcase> <!-- validateCRMimageTest -->
  <system-out/>
</testsuite> <!-- LoginPageTest -->
